<?xml version="1.0" encoding="UTF-8"?>
<testsuites name="Mocha Tests" time="0.897" tests="4" failures="0" skipped="3">
  <testsuite name="Root Suite" timestamp="2026-01-06T23:55:51" tests="0" file="cypress\e2e\web\features\nova_solicitacao.feature" time="0.000" failures="0">
  </testsuite>
  <testsuite name="Validar Nova solicitação" timestamp="2026-01-06T23:55:51" tests="4" time="0.866" failures="0">
    <testcase name="Validar Nova solicitação CT1. Validar solicitação de extrato Simplificado em &quot;Nova solicitação&quot; ID: 286834" time="0.106" classname="CT1. Validar solicitação de extrato Simplificado em &quot;Nova solicitação&quot; ID: 286834">
    </testcase>
  </testsuite>
</testsuites>